<?xml version="1.0" encoding="UTF-8"?>
<!-- Generated by org.testng.reporters.JUnitReportReporter -->
<testsuite hostname="LAPTOP-TBQBESHO" failures="0" tests="1" name="testcase.TC01_Register" time="4.158" errors="0" timestamp="2025-07-25T10:23:23 IST" skipped="0">
  <testcase classname="testcase.TC01_Register" name="testRegistration" time="4.158"/>
</testsuite> <!-- testcase.TC01_Register -->
