<?xml version="1.0" encoding="UTF-8"?>
<!-- Generated by org.testng.reporters.JUnitReportReporter -->
<testsuite hostname="LAPTOP-TBQBESHO" failures="0" tests="1" name="testcase.TC02_Login" time="1.787" errors="0" timestamp="2025-07-25T10:23:23 IST" skipped="0">
  <testcase classname="testcase.TC02_Login" name="testLogin" time="1.787"/>
</testsuite> <!-- testcase.TC02_Login -->
